<?xml version="1.0" encoding="UTF-8"?>
<!-- Generated by org.testng.reporters.JUnitXMLReporter -->
<testsuite ignored="0" hostname="LAPTOP-91CI41D6" failures="0" tests="7" name="Test" time="0.026" errors="0" timestamp="07 Oct. 2021 00:51:44 GMT">
  <testcase classname="tests.Testing1" name="f" time="0.0"/>
  <testcase classname="tests.Testing1" name="f" time="0.0"/>
  <testcase classname="tests.Testing1" name="test1" time="0.0"/>
  <testcase classname="tests.Testing2" name="test4" time="0.0"/>
  <testcase classname="tests.Testing1" name="test2" time="0.0"/>
  <testcase classname="tests.Testing2" name="test5" time="0.0"/>
  <testcase classname="tests.Testing1" name="test3" time="0.0"/>
</testsuite> <!-- Test -->
