<?xml version="1.0" encoding="UTF-8"?>
<testsuite xmlns:xsi="http://www.w3.org/2001/XMLSchema-instance" xsi:noNamespaceSchemaLocation="https://maven.apache.org/surefire/maven-surefire-plugin/xsd/surefire-test-report-3.0.xsd" version="3.0" name="TestSuite" time="0.421" tests="7" errors="0" skipped="0" failures="0">
  <properties>
[...]
</properties>
  <testcase name="f[1, a](1)" classname="tests.Testing1" time="0.001">
    <system-out><![CDATA[[TestNGContentHandler] [WARN] It is strongly recommended to add "<!DOCTYPE suite SYSTEM "http://testng.org/testng-1.0.dtd" >" at the top of your file, otherwise TestNG may fail or not work as expected.
Before Suite
Before Test
Before Class
Before Method
1a
]]></system-out>
  </testcase>
  <testcase name="f[2, b](2)" classname="tests.Testing1" time="0">
    <system-out><![CDATA[After Method
Before Method
2b
]]></system-out>
  </testcase>
  <testcase name="test1" classname="tests.Testing1" time="0.001">
    <system-out><![CDATA[After Method
Before Method
In Test1
]]></system-out>
  </testcase>
  <testcase name="test2" classname="tests.Testing1" time="0.001">
    <system-out><![CDATA[Before Method
In Test2
]]></system-out>
  </testcase>
  <testcase name="test3" classname="tests.Testing1" time="0.001">
    <system-out><![CDATA[Before Method
In Test3
]]></system-out>
  </testcase>
  <testcase name="test4" classname="tests.Testing2" time="0.004">
    <system-out><![CDATA[After Method
In Test 4
]]></system-out>
  </testcase>
  <testcase name="test5" classname="tests.Testing2" time="0.001">
    <system-out><![CDATA[After Method
In Test 5
]]></system-out>
  </testcase>
</testsuite>