<?xml version="1.0" encoding="UTF-8"?>
<testng-results skipped="0" failed="0" ignored="0" total="1" passed="1">
  <reporter-output>
  </reporter-output>
  <suite name="Default suite" duration-ms="3219" started-at="2021-10-08T23:11:26 EDT" finished-at="2021-10-08T23:11:29 EDT">
    <groups>
    </groups>
    <test name="Default test" duration-ms="3219" started-at="2021-10-08T23:11:26 EDT" finished-at="2021-10-08T23:11:29 EDT">
      <class name="threadlocal.DriverManagerDemo">
        <test-method status="PASS" signature="beforeMethod()[pri:0, instance:threadlocal.DriverManagerDemo@614ddd49]" name="beforeMethod" is-config="true" duration-ms="2073" started-at="2021-10-08T23:11:26 EDT" finished-at="2021-10-08T23:11:28 EDT">
          <reporter-output>
          </reporter-output>
        </test-method> <!-- beforeMethod -->
        <test-method status="PASS" signature="test1()[pri:0, instance:threadlocal.DriverManagerDemo@614ddd49]" name="test1" duration-ms="483" started-at="2021-10-08T23:11:28 EDT" finished-at="2021-10-08T23:11:29 EDT">
          <reporter-output>
          </reporter-output>
        </test-method> <!-- test1 -->
        <test-method status="PASS" signature="afterMethod()[pri:0, instance:threadlocal.DriverManagerDemo@614ddd49]" name="afterMethod" is-config="true" duration-ms="623" started-at="2021-10-08T23:11:29 EDT" finished-at="2021-10-08T23:11:29 EDT">
          <reporter-output>
          </reporter-output>
        </test-method> <!-- afterMethod -->
      </class> <!-- threadlocal.DriverManagerDemo -->
    </test> <!-- Default test -->
  </suite> <!-- Default suite -->
</testng-results>
